{"/home/tranthinh/Desktop/Learn/DSA/Typescript/src/LinkedList/DBLinkedList.ts": {"path":"/home/tranthinh/Desktop/Learn/DSA/Typescript/src/LinkedList/DBLinkedList.ts","statementMap":{"0":{"start":{"line":1,"column":0},"end":{"line":1,"column":56}},"1":{"start":{"line":2,"column":0},"end":{"line":2,"column":26}},"2":{"start":{"line":11,"column":8},"end":{"line":11,"column":22}},"3":{"start":{"line":12,"column":8},"end":{"line":12,"column":25}},"4":{"start":{"line":13,"column":8},"end":{"line":13,"column":25}},"5":{"start":{"line":17,"column":42},"end":{"line":17,"column":51}},"6":{"start":{"line":18,"column":8},"end":{"line":24,"column":9}},"7":{"start":{"line":19,"column":27},"end":{"line":19,"column":48}},"8":{"start":{"line":20,"column":12},"end":{"line":20,"column":38}},"9":{"start":{"line":21,"column":12},"end":{"line":21,"column":38}},"10":{"start":{"line":22,"column":12},"end":{"line":22,"column":38}},"11":{"start":{"line":23,"column":12},"end":{"line":23,"column":35}},"12":{"start":{"line":26,"column":8},"end":{"line":26,"column":22}},"13":{"start":{"line":27,"column":8},"end":{"line":27,"column":25}},"14":{"start":{"line":28,"column":8},"end":{"line":28,"column":25}},"15":{"start":{"line":32,"column":8},"end":{"line":32,"column":25}},"16":{"start":{"line":36,"column":8},"end":{"line":36,"column":25}},"17":{"start":{"line":40,"column":8},"end":{"line":40,"column":25}},"18":{"start":{"line":44,"column":8},"end":{"line":44,"column":31}},"19":{"start":{"line":48,"column":8},"end":{"line":48,"column":30}},"20":{"start":{"line":53,"column":8},"end":{"line":59,"column":9}},"21":{"start":{"line":54,"column":12},"end":{"line":54,"column":69}},"22":{"start":{"line":56,"column":26},"end":{"line":56,"column":63}},"23":{"start":{"line":57,"column":12},"end":{"line":57,"column":40}},"24":{"start":{"line":58,"column":12},"end":{"line":58,"column":32}},"25":{"start":{"line":60,"column":8},"end":{"line":60,"column":20}},"26":{"start":{"line":62,"column":8},"end":{"line":62,"column":23}},"27":{"start":{"line":66,"column":8},"end":{"line":72,"column":9}},"28":{"start":{"line":67,"column":12},"end":{"line":67,"column":69}},"29":{"start":{"line":69,"column":28},"end":{"line":69,"column":65}},"30":{"start":{"line":70,"column":12},"end":{"line":70,"column":40}},"31":{"start":{"line":71,"column":12},"end":{"line":71,"column":32}},"32":{"start":{"line":73,"column":8},"end":{"line":73,"column":20}},"33":{"start":{"line":75,"column":8},"end":{"line":75,"column":23}},"34":{"start":{"line":79,"column":8},"end":{"line":83,"column":9}},"35":{"start":{"line":80,"column":12},"end":{"line":80,"column":49}},"36":{"start":{"line":82,"column":12},"end":{"line":82,"column":40}},"37":{"start":{"line":87,"column":8},"end":{"line":91,"column":9}},"38":{"start":{"line":88,"column":12},"end":{"line":88,"column":49}},"39":{"start":{"line":90,"column":12},"end":{"line":90,"column":40}},"40":{"start":{"line":95,"column":8},"end":{"line":107,"column":9}},"41":{"start":{"line":96,"column":12},"end":{"line":96,"column":50}},"42":{"start":{"line":98,"column":25},"end":{"line":98,"column":45}},"43":{"start":{"line":99,"column":12},"end":{"line":99,"column":45}},"44":{"start":{"line":100,"column":12},"end":{"line":100,"column":24}},"45":{"start":{"line":101,"column":12},"end":{"line":105,"column":13}},"46":{"start":{"line":102,"column":16},"end":{"line":102,"column":33}},"47":{"start":{"line":104,"column":16},"end":{"line":104,"column":41}},"48":{"start":{"line":106,"column":12},"end":{"line":106,"column":24}},"49":{"start":{"line":111,"column":8},"end":{"line":123,"column":9}},"50":{"start":{"line":112,"column":12},"end":{"line":112,"column":48}},"51":{"start":{"line":114,"column":25},"end":{"line":114,"column":45}},"52":{"start":{"line":115,"column":12},"end":{"line":115,"column":45}},"53":{"start":{"line":116,"column":12},"end":{"line":116,"column":24}},"54":{"start":{"line":117,"column":12},"end":{"line":121,"column":13}},"55":{"start":{"line":118,"column":16},"end":{"line":118,"column":33}},"56":{"start":{"line":120,"column":16},"end":{"line":120,"column":41}},"57":{"start":{"line":122,"column":12},"end":{"line":122,"column":24}},"58":{"start":{"line":127,"column":8},"end":{"line":129,"column":9}},"59":{"start":{"line":128,"column":12},"end":{"line":128,"column":38}},"60":{"start":{"line":130,"column":8},"end":{"line":132,"column":9}},"61":{"start":{"line":131,"column":12},"end":{"line":131,"column":37}},"62":{"start":{"line":134,"column":21},"end":{"line":134,"column":36}},"63":{"start":{"line":136,"column":8},"end":{"line":136,"column":49}},"64":{"start":{"line":137,"column":8},"end":{"line":137,"column":49}},"65":{"start":{"line":139,"column":8},"end":{"line":139,"column":28}},"66":{"start":{"line":140,"column":8},"end":{"line":140,"column":28}},"67":{"start":{"line":141,"column":8},"end":{"line":141,"column":28}},"68":{"start":{"line":143,"column":8},"end":{"line":143,"column":20}},"69":{"start":{"line":144,"column":8},"end":{"line":144,"column":20}},"70":{"start":{"line":148,"column":26},"end":{"line":148,"column":35}},"71":{"start":{"line":149,"column":8},"end":{"line":165,"column":9}},"72":{"start":{"line":150,"column":12},"end":{"line":156,"column":13}},"73":{"start":{"line":151,"column":16},"end":{"line":154,"column":17}},"74":{"start":{"line":152,"column":20},"end":{"line":152,"column":45}},"75":{"start":{"line":153,"column":20},"end":{"line":153,"column":32}},"76":{"start":{"line":155,"column":16},"end":{"line":155,"column":52}},"77":{"start":{"line":158,"column":12},"end":{"line":164,"column":13}},"78":{"start":{"line":159,"column":16},"end":{"line":162,"column":17}},"79":{"start":{"line":160,"column":20},"end":{"line":160,"column":45}},"80":{"start":{"line":161,"column":20},"end":{"line":161,"column":32}},"81":{"start":{"line":163,"column":16},"end":{"line":163,"column":52}},"82":{"start":{"line":166,"column":8},"end":{"line":166,"column":21}},"83":{"start":{"line":170,"column":8},"end":{"line":172,"column":9}},"84":{"start":{"line":171,"column":12},"end":{"line":171,"column":52}},"85":{"start":{"line":177,"column":8},"end":{"line":191,"column":9}},"86":{"start":{"line":178,"column":12},"end":{"line":178,"column":18}},"87":{"start":{"line":179,"column":12},"end":{"line":179,"column":36}},"88":{"start":{"line":180,"column":12},"end":{"line":183,"column":13}},"89":{"start":{"line":181,"column":16},"end":{"line":181,"column":53}},"90":{"start":{"line":182,"column":16},"end":{"line":182,"column":20}},"91":{"start":{"line":185,"column":12},"end":{"line":185,"column":30}},"92":{"start":{"line":186,"column":12},"end":{"line":186,"column":36}},"93":{"start":{"line":187,"column":12},"end":{"line":190,"column":13}},"94":{"start":{"line":188,"column":16},"end":{"line":188,"column":53}},"95":{"start":{"line":189,"column":16},"end":{"line":189,"column":20}},"96":{"start":{"line":193,"column":8},"end":{"line":193,"column":40}},"97":{"start":{"line":197,"column":28},"end":{"line":197,"column":29}},"98":{"start":{"line":198,"column":26},"end":{"line":198,"column":35}},"99":{"start":{"line":199,"column":8},"end":{"line":219,"column":9}},"100":{"start":{"line":200,"column":12},"end":{"line":206,"column":13}},"101":{"start":{"line":201,"column":16},"end":{"line":203,"column":17}},"102":{"start":{"line":202,"column":20},"end":{"line":202,"column":33}},"103":{"start":{"line":204,"column":16},"end":{"line":204,"column":52}},"104":{"start":{"line":205,"column":16},"end":{"line":205,"column":24}},"105":{"start":{"line":208,"column":12},"end":{"line":218,"column":13}},"106":{"start":{"line":209,"column":16},"end":{"line":215,"column":17}},"107":{"start":{"line":210,"column":20},"end":{"line":214,"column":21}},"108":{"start":{"line":211,"column":24},"end":{"line":213,"column":25}},"109":{"start":{"line":212,"column":28},"end":{"line":212,"column":41}},"110":{"start":{"line":216,"column":16},"end":{"line":216,"column":53}},"111":{"start":{"line":217,"column":16},"end":{"line":217,"column":24}},"112":{"start":{"line":220,"column":8},"end":{"line":220,"column":18}},"113":{"start":{"line":224,"column":8},"end":{"line":224,"column":43}},"114":{"start":{"line":228,"column":8},"end":{"line":243,"column":9}},"115":{"start":{"line":228,"column":28},"end":{"line":228,"column":42}},"116":{"start":{"line":230,"column":36},"end":{"line":230,"column":55}},"117":{"start":{"line":231,"column":30},"end":{"line":231,"column":39}},"118":{"start":{"line":233,"column":12},"end":{"line":241,"column":13}},"119":{"start":{"line":234,"column":16},"end":{"line":234,"column":31}},"120":{"start":{"line":235,"column":16},"end":{"line":235,"column":49}},"121":{"start":{"line":236,"column":16},"end":{"line":236,"column":31}},"122":{"start":{"line":237,"column":16},"end":{"line":239,"column":17}},"123":{"start":{"line":238,"column":20},"end":{"line":238,"column":36}},"124":{"start":{"line":240,"column":16},"end":{"line":240,"column":52}},"125":{"start":{"line":242,"column":12},"end":{"line":242,"column":33}},"126":{"start":{"line":5,"column":0},"end":{"line":5,"column":13}}},"fnMap":{"0":{"name":"(anonymous_1)","decl":{"start":{"line":10,"column":4},"end":{"line":10,"column":null}},"loc":{"start":{"line":10,"column":4},"end":{"line":14,"column":5}}},"1":{"name":"(anonymous_2)","decl":{"start":{"line":16,"column":11},"end":{"line":16,"column":16}},"loc":{"start":{"line":16,"column":16},"end":{"line":29,"column":5}}},"2":{"name":"(anonymous_3)","decl":{"start":{"line":31,"column":11},"end":{"line":31,"column":19}},"loc":{"start":{"line":31,"column":19},"end":{"line":33,"column":5}}},"3":{"name":"(anonymous_4)","decl":{"start":{"line":35,"column":11},"end":{"line":35,"column":18}},"loc":{"start":{"line":35,"column":18},"end":{"line":37,"column":5}}},"4":{"name":"(anonymous_5)","decl":{"start":{"line":39,"column":11},"end":{"line":39,"column":18}},"loc":{"start":{"line":39,"column":18},"end":{"line":41,"column":5}}},"5":{"name":"(anonymous_6)","decl":{"start":{"line":43,"column":11},"end":{"line":43,"column":18}},"loc":{"start":{"line":43,"column":18},"end":{"line":45,"column":5}}},"6":{"name":"(anonymous_7)","decl":{"start":{"line":47,"column":11},"end":{"line":47,"column":14}},"loc":{"start":{"line":47,"column":25},"end":{"line":50,"column":5}}},"7":{"name":"(anonymous_8)","decl":{"start":{"line":52,"column":11},"end":{"line":52,"column":19}},"loc":{"start":{"line":52,"column":30},"end":{"line":63,"column":5}}},"8":{"name":"(anonymous_9)","decl":{"start":{"line":65,"column":11},"end":{"line":65,"column":18}},"loc":{"start":{"line":65,"column":29},"end":{"line":76,"column":5}}},"9":{"name":"(anonymous_10)","decl":{"start":{"line":78,"column":11},"end":{"line":78,"column":20}},"loc":{"start":{"line":78,"column":20},"end":{"line":84,"column":5}}},"10":{"name":"(anonymous_11)","decl":{"start":{"line":86,"column":11},"end":{"line":86,"column":19}},"loc":{"start":{"line":86,"column":19},"end":{"line":92,"column":5}}},"11":{"name":"(anonymous_12)","decl":{"start":{"line":94,"column":11},"end":{"line":94,"column":22}},"loc":{"start":{"line":94,"column":22},"end":{"line":108,"column":5}}},"12":{"name":"(anonymous_13)","decl":{"start":{"line":110,"column":11},"end":{"line":110,"column":21}},"loc":{"start":{"line":110,"column":21},"end":{"line":124,"column":5}}},"13":{"name":"(anonymous_14)","decl":{"start":{"line":126,"column":11},"end":{"line":126,"column":17}},"loc":{"start":{"line":126,"column":38},"end":{"line":145,"column":5}}},"14":{"name":"(anonymous_15)","decl":{"start":{"line":147,"column":11},"end":{"line":147,"column":20}},"loc":{"start":{"line":147,"column":35},"end":{"line":167,"column":5}}},"15":{"name":"(anonymous_16)","decl":{"start":{"line":169,"column":11},"end":{"line":169,"column":19}},"loc":{"start":{"line":169,"column":33},"end":{"line":194,"column":5}}},"16":{"name":"(anonymous_17)","decl":{"start":{"line":196,"column":11},"end":{"line":196,"column":18}},"loc":{"start":{"line":196,"column":33},"end":{"line":221,"column":5}}},"17":{"name":"(anonymous_18)","decl":{"start":{"line":223,"column":11},"end":{"line":223,"column":20}},"loc":{"start":{"line":223,"column":35},"end":{"line":225,"column":5}}},"18":{"name":"(anonymous_19)","decl":{"start":{"line":227,"column":11},"end":{"line":227,"column":19}},"loc":{"start":{"line":227,"column":19},"end":{"line":244,"column":5}}}},"branchMap":{"0":{"loc":{"start":{"line":53,"column":8},"end":{"line":59,"column":9}},"type":"if","locations":[{"start":{"line":53,"column":8},"end":{"line":59,"column":9}},{"start":{"line":55,"column":15},"end":{"line":59,"column":9}}]},"1":{"loc":{"start":{"line":57,"column":12},"end":{"line":57,"column":39}},"type":"cond-expr","locations":[{"start":{"line":57,"column":21},"end":{"line":57,"column":23}},{"start":{"line":57,"column":21},"end":{"line":57,"column":39}}]},"2":{"loc":{"start":{"line":57,"column":12},"end":{"line":57,"column":23}},"type":"binary-expr","locations":[{"start":{"line":57,"column":12},"end":{"line":57,"column":23}},{"start":{"line":57,"column":21},"end":{"line":57,"column":23}}]},"3":{"loc":{"start":{"line":66,"column":8},"end":{"line":72,"column":9}},"type":"if","locations":[{"start":{"line":66,"column":8},"end":{"line":72,"column":9}},{"start":{"line":68,"column":15},"end":{"line":72,"column":9}}]},"4":{"loc":{"start":{"line":70,"column":12},"end":{"line":70,"column":39}},"type":"cond-expr","locations":[{"start":{"line":70,"column":21},"end":{"line":70,"column":23}},{"start":{"line":70,"column":21},"end":{"line":70,"column":39}}]},"5":{"loc":{"start":{"line":70,"column":12},"end":{"line":70,"column":23}},"type":"binary-expr","locations":[{"start":{"line":70,"column":12},"end":{"line":70,"column":23}},{"start":{"line":70,"column":21},"end":{"line":70,"column":23}}]},"6":{"loc":{"start":{"line":79,"column":8},"end":{"line":83,"column":9}},"type":"if","locations":[{"start":{"line":79,"column":8},"end":{"line":83,"column":9}},{"start":{"line":81,"column":15},"end":{"line":83,"column":9}}]},"7":{"loc":{"start":{"line":87,"column":8},"end":{"line":91,"column":9}},"type":"if","locations":[{"start":{"line":87,"column":8},"end":{"line":91,"column":9}},{"start":{"line":89,"column":15},"end":{"line":91,"column":9}}]},"8":{"loc":{"start":{"line":95,"column":8},"end":{"line":107,"column":9}},"type":"if","locations":[{"start":{"line":95,"column":8},"end":{"line":107,"column":9}},{"start":{"line":97,"column":15},"end":{"line":107,"column":9}}]},"9":{"loc":{"start":{"line":101,"column":12},"end":{"line":105,"column":13}},"type":"if","locations":[{"start":{"line":101,"column":12},"end":{"line":105,"column":13}},{"start":{"line":103,"column":19},"end":{"line":105,"column":13}}]},"10":{"loc":{"start":{"line":104,"column":16},"end":{"line":104,"column":40}},"type":"cond-expr","locations":[{"start":{"line":104,"column":25},"end":{"line":104,"column":27}},{"start":{"line":104,"column":25},"end":{"line":104,"column":40}}]},"11":{"loc":{"start":{"line":104,"column":16},"end":{"line":104,"column":27}},"type":"binary-expr","locations":[{"start":{"line":104,"column":16},"end":{"line":104,"column":27}},{"start":{"line":104,"column":25},"end":{"line":104,"column":27}}]},"12":{"loc":{"start":{"line":111,"column":8},"end":{"line":123,"column":9}},"type":"if","locations":[{"start":{"line":111,"column":8},"end":{"line":123,"column":9}},{"start":{"line":113,"column":15},"end":{"line":123,"column":9}}]},"13":{"loc":{"start":{"line":117,"column":12},"end":{"line":121,"column":13}},"type":"if","locations":[{"start":{"line":117,"column":12},"end":{"line":121,"column":13}},{"start":{"line":119,"column":19},"end":{"line":121,"column":13}}]},"14":{"loc":{"start":{"line":120,"column":16},"end":{"line":120,"column":40}},"type":"cond-expr","locations":[{"start":{"line":120,"column":25},"end":{"line":120,"column":27}},{"start":{"line":120,"column":25},"end":{"line":120,"column":40}}]},"15":{"loc":{"start":{"line":120,"column":16},"end":{"line":120,"column":27}},"type":"binary-expr","locations":[{"start":{"line":120,"column":16},"end":{"line":120,"column":27}},{"start":{"line":120,"column":25},"end":{"line":120,"column":27}}]},"16":{"loc":{"start":{"line":127,"column":8},"end":{"line":129,"column":9}},"type":"if","locations":[{"start":{"line":127,"column":8},"end":{"line":129,"column":9}}]},"17":{"loc":{"start":{"line":127,"column":12},"end":{"line":127,"column":27}},"type":"cond-expr","locations":[{"start":{"line":127,"column":16},"end":{"line":127,"column":18}},{"start":{"line":127,"column":12},"end":{"line":127,"column":27}}]},"18":{"loc":{"start":{"line":127,"column":12},"end":{"line":127,"column":18}},"type":"binary-expr","locations":[{"start":{"line":127,"column":12},"end":{"line":127,"column":18}},{"start":{"line":127,"column":12},"end":{"line":127,"column":18}}]},"19":{"loc":{"start":{"line":130,"column":8},"end":{"line":132,"column":9}},"type":"if","locations":[{"start":{"line":130,"column":8},"end":{"line":132,"column":9}}]},"20":{"loc":{"start":{"line":130,"column":12},"end":{"line":130,"column":27}},"type":"cond-expr","locations":[{"start":{"line":130,"column":16},"end":{"line":130,"column":18}},{"start":{"line":130,"column":12},"end":{"line":130,"column":27}}]},"21":{"loc":{"start":{"line":130,"column":12},"end":{"line":130,"column":18}},"type":"binary-expr","locations":[{"start":{"line":130,"column":12},"end":{"line":130,"column":18}},{"start":{"line":130,"column":12},"end":{"line":130,"column":18}}]},"22":{"loc":{"start":{"line":136,"column":8},"end":{"line":136,"column":48}},"type":"cond-expr","locations":[{"start":{"line":136,"column":23},"end":{"line":136,"column":25}},{"start":{"line":136,"column":23},"end":{"line":136,"column":48}}]},"23":{"loc":{"start":{"line":136,"column":8},"end":{"line":136,"column":25}},"type":"binary-expr","locations":[{"start":{"line":136,"column":8},"end":{"line":136,"column":25}},{"start":{"line":136,"column":23},"end":{"line":136,"column":25}}]},"24":{"loc":{"start":{"line":136,"column":8},"end":{"line":136,"column":23}},"type":"cond-expr","locations":[{"start":{"line":136,"column":12},"end":{"line":136,"column":14}},{"start":{"line":136,"column":8},"end":{"line":136,"column":23}}]},"25":{"loc":{"start":{"line":136,"column":8},"end":{"line":136,"column":14}},"type":"binary-expr","locations":[{"start":{"line":136,"column":8},"end":{"line":136,"column":14}},{"start":{"line":136,"column":8},"end":{"line":136,"column":14}}]},"26":{"loc":{"start":{"line":137,"column":8},"end":{"line":137,"column":48}},"type":"cond-expr","locations":[{"start":{"line":137,"column":23},"end":{"line":137,"column":25}},{"start":{"line":137,"column":23},"end":{"line":137,"column":48}}]},"27":{"loc":{"start":{"line":137,"column":8},"end":{"line":137,"column":25}},"type":"binary-expr","locations":[{"start":{"line":137,"column":8},"end":{"line":137,"column":25}},{"start":{"line":137,"column":23},"end":{"line":137,"column":25}}]},"28":{"loc":{"start":{"line":137,"column":8},"end":{"line":137,"column":23}},"type":"cond-expr","locations":[{"start":{"line":137,"column":12},"end":{"line":137,"column":14}},{"start":{"line":137,"column":8},"end":{"line":137,"column":23}}]},"29":{"loc":{"start":{"line":137,"column":8},"end":{"line":137,"column":14}},"type":"binary-expr","locations":[{"start":{"line":137,"column":8},"end":{"line":137,"column":14}},{"start":{"line":137,"column":8},"end":{"line":137,"column":14}}]},"30":{"loc":{"start":{"line":139,"column":8},"end":{"line":139,"column":27}},"type":"cond-expr","locations":[{"start":{"line":139,"column":12},"end":{"line":139,"column":14}},{"start":{"line":139,"column":8},"end":{"line":139,"column":27}}]},"31":{"loc":{"start":{"line":139,"column":8},"end":{"line":139,"column":14}},"type":"binary-expr","locations":[{"start":{"line":139,"column":8},"end":{"line":139,"column":14}},{"start":{"line":139,"column":8},"end":{"line":139,"column":14}}]},"32":{"loc":{"start":{"line":140,"column":8},"end":{"line":140,"column":27}},"type":"cond-expr","locations":[{"start":{"line":140,"column":12},"end":{"line":140,"column":14}},{"start":{"line":140,"column":8},"end":{"line":140,"column":27}}]},"33":{"loc":{"start":{"line":140,"column":8},"end":{"line":140,"column":14}},"type":"binary-expr","locations":[{"start":{"line":140,"column":8},"end":{"line":140,"column":14}},{"start":{"line":140,"column":8},"end":{"line":140,"column":14}}]},"34":{"loc":{"start":{"line":141,"column":8},"end":{"line":141,"column":27}},"type":"cond-expr","locations":[{"start":{"line":141,"column":12},"end":{"line":141,"column":14}},{"start":{"line":141,"column":8},"end":{"line":141,"column":27}}]},"35":{"loc":{"start":{"line":141,"column":8},"end":{"line":141,"column":14}},"type":"binary-expr","locations":[{"start":{"line":141,"column":8},"end":{"line":141,"column":14}},{"start":{"line":141,"column":8},"end":{"line":141,"column":14}}]},"36":{"loc":{"start":{"line":149,"column":8},"end":{"line":165,"column":9}},"type":"if","locations":[{"start":{"line":149,"column":8},"end":{"line":165,"column":9}},{"start":{"line":157,"column":15},"end":{"line":165,"column":9}}]},"37":{"loc":{"start":{"line":151,"column":16},"end":{"line":154,"column":17}},"type":"if","locations":[{"start":{"line":151,"column":16},"end":{"line":154,"column":17}}]},"38":{"loc":{"start":{"line":159,"column":16},"end":{"line":162,"column":17}},"type":"if","locations":[{"start":{"line":159,"column":16},"end":{"line":162,"column":17}}]},"39":{"loc":{"start":{"line":170,"column":8},"end":{"line":172,"column":9}},"type":"if","locations":[{"start":{"line":170,"column":8},"end":{"line":172,"column":9}}]},"40":{"loc":{"start":{"line":170,"column":12},"end":{"line":170,"column":43}},"type":"binary-expr","locations":[{"start":{"line":170,"column":12},"end":{"line":170,"column":21}},{"start":{"line":170,"column":25},"end":{"line":170,"column":43}}]},"41":{"loc":{"start":{"line":177,"column":8},"end":{"line":191,"column":9}},"type":"if","locations":[{"start":{"line":177,"column":8},"end":{"line":191,"column":9}},{"start":{"line":184,"column":15},"end":{"line":191,"column":9}}]},"42":{"loc":{"start":{"line":199,"column":8},"end":{"line":219,"column":9}},"type":"if","locations":[{"start":{"line":199,"column":8},"end":{"line":219,"column":9}},{"start":{"line":207,"column":15},"end":{"line":219,"column":9}}]},"43":{"loc":{"start":{"line":201,"column":16},"end":{"line":203,"column":17}},"type":"if","locations":[{"start":{"line":201,"column":16},"end":{"line":203,"column":17}}]},"44":{"loc":{"start":{"line":209,"column":16},"end":{"line":215,"column":17}},"type":"if","locations":[{"start":{"line":209,"column":16},"end":{"line":215,"column":17}}]},"45":{"loc":{"start":{"line":210,"column":20},"end":{"line":214,"column":21}},"type":"if","locations":[{"start":{"line":210,"column":20},"end":{"line":214,"column":21}}]},"46":{"loc":{"start":{"line":211,"column":24},"end":{"line":213,"column":25}},"type":"if","locations":[{"start":{"line":211,"column":24},"end":{"line":213,"column":25}}]},"47":{"loc":{"start":{"line":228,"column":8},"end":{"line":243,"column":9}},"type":"if","locations":[{"start":{"line":228,"column":8},"end":{"line":243,"column":9}},{"start":{"line":229,"column":13},"end":{"line":243,"column":9}}]},"48":{"loc":{"start":{"line":237,"column":16},"end":{"line":239,"column":17}},"type":"if","locations":[{"start":{"line":237,"column":16},"end":{"line":239,"column":17}}]}},"s":{"0":1,"1":1,"2":1,"3":1,"4":1,"5":0,"6":0,"7":0,"8":0,"9":0,"10":0,"11":0,"12":0,"13":0,"14":0,"15":8,"16":0,"17":0,"18":28,"19":7,"20":0,"21":0,"22":0,"23":0,"24":0,"25":0,"26":0,"27":7,"28":4,"29":3,"30":3,"31":3,"32":7,"33":7,"34":0,"35":0,"36":0,"37":0,"38":0,"39":0,"40":0,"41":0,"42":0,"43":0,"44":0,"45":0,"46":0,"47":0,"48":0,"49":7,"50":0,"51":7,"52":7,"53":7,"54":7,"55":4,"56":3,"57":7,"58":0,"59":0,"60":0,"61":0,"62":0,"63":0,"64":0,"65":0,"66":0,"67":0,"68":0,"69":0,"70":0,"71":0,"72":0,"73":0,"74":0,"75":0,"76":0,"77":0,"78":0,"79":0,"80":0,"81":0,"82":0,"83":0,"84":0,"85":0,"86":0,"87":0,"88":0,"89":0,"90":0,"91":0,"92":0,"93":0,"94":0,"95":0,"96":0,"97":0,"98":0,"99":0,"100":0,"101":0,"102":0,"103":0,"104":0,"105":0,"106":0,"107":0,"108":0,"109":0,"110":0,"111":0,"112":0,"113":0,"114":0,"115":0,"116":0,"117":0,"118":0,"119":0,"120":0,"121":0,"122":0,"123":0,"124":0,"125":0,"126":1},"f":{"0":1,"1":0,"2":8,"3":0,"4":0,"5":28,"6":7,"7":0,"8":7,"9":0,"10":0,"11":0,"12":7,"13":0,"14":0,"15":0,"16":0,"17":0,"18":0},"b":{"0":[0,0],"1":[0,0],"2":[0,0],"3":[4,3],"4":[0,3],"5":[3,3],"6":[0,0],"7":[0,0],"8":[0,0],"9":[0,0],"10":[0,0],"11":[0,0],"12":[0,7],"13":[4,3],"14":[0,3],"15":[3,3],"16":[0],"17":[0,0],"18":[0,0],"19":[0],"20":[0,0],"21":[0,0],"22":[0,0],"23":[0,0],"24":[0,0],"25":[0,0],"26":[0,0],"27":[0,0],"28":[0,0],"29":[0,0],"30":[0,0],"31":[0,0],"32":[0,0],"33":[0,0],"34":[0,0],"35":[0,0],"36":[0,0],"37":[0],"38":[0],"39":[0],"40":[0,0],"41":[0,0],"42":[0,0],"43":[0],"44":[0],"45":[0],"46":[0],"47":[0,0],"48":[0]}}
,"/home/tranthinh/Desktop/Learn/DSA/Typescript/src/LinkedList/Node.ts": {"path":"/home/tranthinh/Desktop/Learn/DSA/Typescript/src/LinkedList/Node.ts","statementMap":{"0":{"start":{"line":7,"column":8},"end":{"line":7,"column":25}},"1":{"start":{"line":8,"column":8},"end":{"line":8,"column":25}},"2":{"start":{"line":9,"column":8},"end":{"line":9,"column":25}},"3":{"start":{"line":13,"column":8},"end":{"line":13,"column":25}},"4":{"start":{"line":17,"column":8},"end":{"line":17,"column":25}},"5":{"start":{"line":21,"column":8},"end":{"line":21,"column":25}},"6":{"start":{"line":25,"column":8},"end":{"line":25,"column":25}},"7":{"start":{"line":29,"column":8},"end":{"line":29,"column":25}},"8":{"start":{"line":33,"column":8},"end":{"line":33,"column":25}},"9":{"start":{"line":37,"column":0},"end":{"line":37,"column":20}}},"fnMap":{"0":{"name":"(anonymous_0)","decl":{"start":{"line":6,"column":4},"end":{"line":6,"column":16}},"loc":{"start":{"line":6,"column":67},"end":{"line":10,"column":5}}},"1":{"name":"(anonymous_1)","decl":{"start":{"line":12,"column":11},"end":{"line":12,"column":18}},"loc":{"start":{"line":12,"column":18},"end":{"line":14,"column":5}}},"2":{"name":"(anonymous_2)","decl":{"start":{"line":16,"column":11},"end":{"line":16,"column":18}},"loc":{"start":{"line":16,"column":33},"end":{"line":18,"column":5}}},"3":{"name":"(anonymous_3)","decl":{"start":{"line":20,"column":11},"end":{"line":20,"column":18}},"loc":{"start":{"line":20,"column":18},"end":{"line":22,"column":5}}},"4":{"name":"(anonymous_4)","decl":{"start":{"line":24,"column":11},"end":{"line":24,"column":18}},"loc":{"start":{"line":24,"column":39},"end":{"line":26,"column":5}}},"5":{"name":"(anonymous_5)","decl":{"start":{"line":28,"column":11},"end":{"line":28,"column":18}},"loc":{"start":{"line":28,"column":18},"end":{"line":30,"column":5}}},"6":{"name":"(anonymous_6)","decl":{"start":{"line":32,"column":11},"end":{"line":32,"column":18}},"loc":{"start":{"line":32,"column":39},"end":{"line":34,"column":5}}}},"branchMap":{},"s":{"0":7,"1":7,"2":7,"3":7,"4":0,"5":0,"6":6,"7":7,"8":0,"9":1},"f":{"0":7,"1":7,"2":0,"3":0,"4":6,"5":7,"6":0},"b":{}}
,"/home/tranthinh/Desktop/Learn/DSA/Typescript/src/Stacks/LinkedListBaseStack.ts": {"path":"/home/tranthinh/Desktop/Learn/DSA/Typescript/src/Stacks/LinkedListBaseStack.ts","statementMap":{"0":{"start":{"line":1,"column":0},"end":{"line":1,"column":58}},"1":{"start":{"line":5,"column":10},"end":{"line":5,"column":56}},"2":{"start":{"line":8,"column":4},"end":{"line":8,"column":27}},"3":{"start":{"line":11,"column":4},"end":{"line":11,"column":61}},"4":{"start":{"line":11,"column":29},"end":{"line":11,"column":61}},"5":{"start":{"line":12,"column":4},"end":{"line":12,"column":34}},"6":{"start":{"line":16,"column":4},"end":{"line":16,"column":61}},"7":{"start":{"line":16,"column":29},"end":{"line":16,"column":61}},"8":{"start":{"line":17,"column":4},"end":{"line":17,"column":32}},"9":{"start":{"line":21,"column":4},"end":{"line":21,"column":38}},"10":{"start":{"line":25,"column":4},"end":{"line":25,"column":32}},"11":{"start":{"line":4,"column":0},"end":{"line":4,"column":13}}},"fnMap":{"0":{"name":"(anonymous_0)","decl":{"start":{"line":4,"column":0},"end":{"line":4,"column":13}},"loc":{"start":{"line":4,"column":0},"end":{"line":27,"column":1}}},"1":{"name":"(anonymous_1)","decl":{"start":{"line":7,"column":9},"end":{"line":7,"column":13}},"loc":{"start":{"line":7,"column":24},"end":{"line":9,"column":3}}},"2":{"name":"(anonymous_2)","decl":{"start":{"line":10,"column":9},"end":{"line":10,"column":12}},"loc":{"start":{"line":10,"column":12},"end":{"line":13,"column":3}}},"3":{"name":"(anonymous_3)","decl":{"start":{"line":15,"column":9},"end":{"line":15,"column":12}},"loc":{"start":{"line":15,"column":12},"end":{"line":18,"column":3}}},"4":{"name":"(anonymous_4)","decl":{"start":{"line":20,"column":9},"end":{"line":20,"column":16}},"loc":{"start":{"line":20,"column":16},"end":{"line":22,"column":3}}},"5":{"name":"(anonymous_5)","decl":{"start":{"line":24,"column":9},"end":{"line":24,"column":13}},"loc":{"start":{"line":24,"column":13},"end":{"line":26,"column":3}}}},"branchMap":{"0":{"loc":{"start":{"line":11,"column":4},"end":{"line":11,"column":61}},"type":"if","locations":[{"start":{"line":11,"column":4},"end":{"line":11,"column":61}}]},"1":{"loc":{"start":{"line":16,"column":4},"end":{"line":16,"column":61}},"type":"if","locations":[{"start":{"line":16,"column":4},"end":{"line":16,"column":61}}]}},"s":{"0":1,"1":1,"2":7,"3":7,"4":0,"5":7,"6":0,"7":0,"8":0,"9":8,"10":0,"11":1},"f":{"0":1,"1":7,"2":7,"3":0,"4":8,"5":0},"b":{"0":[0],"1":[0]}}
,"/home/tranthinh/Desktop/Learn/DSA/Typescript/src/Tree/BST.ts": {"path":"/home/tranthinh/Desktop/Learn/DSA/Typescript/src/Tree/BST.ts","statementMap":{"0":{"start":{"line":2,"column":0},"end":{"line":2,"column":34}},"1":{"start":{"line":4,"column":0},"end":{"line":4,"column":60}},"2":{"start":{"line":7,"column":0},"end":{"line":7,"column":66}},"3":{"start":{"line":14,"column":12},"end":{"line":14,"column":34}},"4":{"start":{"line":18,"column":8},"end":{"line":18,"column":25}},"5":{"start":{"line":22,"column":8},"end":{"line":22,"column":38}},"6":{"start":{"line":26,"column":8},"end":{"line":26,"column":33}},"7":{"start":{"line":30,"column":8},"end":{"line":30,"column":30}},"8":{"start":{"line":34,"column":8},"end":{"line":36,"column":9}},"9":{"start":{"line":35,"column":12},"end":{"line":35,"column":25}},"10":{"start":{"line":37,"column":8},"end":{"line":37,"column":46}},"11":{"start":{"line":41,"column":8},"end":{"line":41,"column":46}},"12":{"start":{"line":41,"column":33},"end":{"line":41,"column":46}},"13":{"start":{"line":42,"column":8},"end":{"line":42,"column":46}},"14":{"start":{"line":43,"column":8},"end":{"line":43,"column":null}},"15":{"start":{"line":44,"column":8},"end":{"line":44,"column":20}},"16":{"start":{"line":49,"column":8},"end":{"line":49,"column":47}},"17":{"start":{"line":49,"column":34},"end":{"line":49,"column":47}},"18":{"start":{"line":50,"column":8},"end":{"line":50,"column":49}},"19":{"start":{"line":51,"column":8},"end":{"line":51,"column":null}},"20":{"start":{"line":52,"column":8},"end":{"line":52,"column":20}},"21":{"start":{"line":56,"column":8},"end":{"line":67,"column":9}},"22":{"start":{"line":58,"column":16},"end":{"line":58,"column":47}},"23":{"start":{"line":60,"column":16},"end":{"line":60,"column":46}},"24":{"start":{"line":62,"column":16},"end":{"line":62,"column":49}},"25":{"start":{"line":64,"column":16},"end":{"line":64,"column":48}},"26":{"start":{"line":66,"column":16},"end":{"line":66,"column":58}},"27":{"start":{"line":73,"column":33},"end":{"line":73,"column":35}},"28":{"start":{"line":74,"column":30},"end":{"line":74,"column":44}},"29":{"start":{"line":75,"column":42},"end":{"line":75,"column":77}},"30":{"start":{"line":77,"column":8},"end":{"line":79,"column":9}},"31":{"start":{"line":78,"column":12},"end":{"line":78,"column":42}},"32":{"start":{"line":81,"column":8},"end":{"line":81,"column":30}},"33":{"start":{"line":83,"column":8},"end":{"line":98,"column":9}},"34":{"start":{"line":84,"column":12},"end":{"line":86,"column":13}},"35":{"start":{"line":85,"column":16},"end":{"line":85,"column":69}},"36":{"start":{"line":88,"column":25},"end":{"line":88,"column":37}},"37":{"start":{"line":89,"column":12},"end":{"line":89,"column":41}},"38":{"start":{"line":91,"column":12},"end":{"line":93,"column":13}},"39":{"start":{"line":92,"column":16},"end":{"line":92,"column":45}},"40":{"start":{"line":95,"column":12},"end":{"line":97,"column":13}},"41":{"start":{"line":96,"column":16},"end":{"line":96,"column":44}},"42":{"start":{"line":100,"column":8},"end":{"line":100,"column":22}},"43":{"start":{"line":104,"column":33},"end":{"line":104,"column":35}},"44":{"start":{"line":105,"column":30},"end":{"line":105,"column":44}},"45":{"start":{"line":106,"column":42},"end":{"line":106,"column":67}},"46":{"start":{"line":108,"column":8},"end":{"line":110,"column":9}},"47":{"start":{"line":109,"column":12},"end":{"line":109,"column":42}},"48":{"start":{"line":112,"column":8},"end":{"line":112,"column":30}},"49":{"start":{"line":113,"column":43},"end":{"line":113,"column":52}},"50":{"start":{"line":115,"column":8},"end":{"line":134,"column":9}},"51":{"start":{"line":117,"column":12},"end":{"line":119,"column":13}},"52":{"start":{"line":118,"column":16},"end":{"line":118,"column":69}},"53":{"start":{"line":122,"column":12},"end":{"line":125,"column":13}},"54":{"start":{"line":123,"column":16},"end":{"line":123,"column":36}},"55":{"start":{"line":124,"column":16},"end":{"line":124,"column":44}},"56":{"start":{"line":128,"column":12},"end":{"line":128,"column":35}},"57":{"start":{"line":129,"column":12},"end":{"line":129,"column":44}},"58":{"start":{"line":133,"column":12},"end":{"line":133,"column":41}},"59":{"start":{"line":136,"column":8},"end":{"line":136,"column":22}},"60":{"start":{"line":140,"column":8},"end":{"line":140,"column":18}},"61":{"start":{"line":145,"column":8},"end":{"line":145,"column":18}},"62":{"start":{"line":151,"column":8},"end":{"line":151,"column":36}},"63":{"start":{"line":151,"column":27},"end":{"line":151,"column":36}},"64":{"start":{"line":152,"column":8},"end":{"line":152,"column":87}},"65":{"start":{"line":156,"column":8},"end":{"line":156,"column":40}},"66":{"start":{"line":156,"column":27},"end":{"line":156,"column":40}},"67":{"start":{"line":158,"column":8},"end":{"line":164,"column":9}},"68":{"start":{"line":159,"column":12},"end":{"line":159,"column":55}},"69":{"start":{"line":160,"column":15},"end":{"line":164,"column":9}},"70":{"start":{"line":161,"column":12},"end":{"line":161,"column":56}},"71":{"start":{"line":163,"column":12},"end":{"line":163,"column":null}},"72":{"start":{"line":169,"column":8},"end":{"line":177,"column":9}},"73":{"start":{"line":170,"column":12},"end":{"line":170,"column":null}},"74":{"start":{"line":172,"column":12},"end":{"line":176,"column":13}},"75":{"start":{"line":173,"column":16},"end":{"line":173,"column":61}},"76":{"start":{"line":175,"column":16},"end":{"line":175,"column":63}},"77":{"start":{"line":178,"column":8},"end":{"line":178,"column":20}},"78":{"start":{"line":182,"column":8},"end":{"line":182,"column":39}},"79":{"start":{"line":182,"column":27},"end":{"line":182,"column":39}},"80":{"start":{"line":184,"column":8},"end":{"line":204,"column":9}},"81":{"start":{"line":185,"column":12},"end":{"line":185,"column":60}},"82":{"start":{"line":186,"column":15},"end":{"line":204,"column":9}},"83":{"start":{"line":187,"column":12},"end":{"line":187,"column":62}},"84":{"start":{"line":189,"column":12},"end":{"line":203,"column":13}},"85":{"start":{"line":190,"column":48},"end":{"line":190,"column":63}},"86":{"start":{"line":191,"column":16},"end":{"line":191,"column":null}},"87":{"start":{"line":192,"column":16},"end":{"line":192,"column":null}},"88":{"start":{"line":193,"column":16},"end":{"line":193,"column":null}},"89":{"start":{"line":194,"column":19},"end":{"line":203,"column":13}},"90":{"start":{"line":195,"column":47},"end":{"line":195,"column":61}},"91":{"start":{"line":196,"column":16},"end":{"line":196,"column":null}},"92":{"start":{"line":197,"column":16},"end":{"line":197,"column":null}},"93":{"start":{"line":198,"column":16},"end":{"line":198,"column":null}},"94":{"start":{"line":200,"column":28},"end":{"line":200,"column":46}},"95":{"start":{"line":201,"column":16},"end":{"line":201,"column":null}},"96":{"start":{"line":202,"column":16},"end":{"line":202,"column":null}},"97":{"start":{"line":205,"column":8},"end":{"line":205,"column":null}},"98":{"start":{"line":209,"column":8},"end":{"line":209,"column":null}},"99":{"start":{"line":209,"column":41},"end":{"line":209,"column":null}},"100":{"start":{"line":210,"column":8},"end":{"line":210,"column":null}},"101":{"start":{"line":214,"column":8},"end":{"line":214,"column":null}},"102":{"start":{"line":214,"column":42},"end":{"line":214,"column":null}},"103":{"start":{"line":215,"column":8},"end":{"line":215,"column":null}},"104":{"start":{"line":219,"column":0},"end":{"line":219,"column":null}}},"fnMap":{"0":{"name":"(anonymous_1)","decl":{"start":{"line":17,"column":4},"end":{"line":17,"column":null}},"loc":{"start":{"line":17,"column":4},"end":{"line":19,"column":5}}},"1":{"name":"(anonymous_2)","decl":{"start":{"line":21,"column":4},"end":{"line":21,"column":10}},"loc":{"start":{"line":21,"column":10},"end":{"line":23,"column":5}}},"2":{"name":"(anonymous_3)","decl":{"start":{"line":25,"column":4},"end":{"line":25,"column":11}},"loc":{"start":{"line":25,"column":11},"end":{"line":27,"column":5}}},"3":{"name":"(anonymous_4)","decl":{"start":{"line":29,"column":4},"end":{"line":29,"column":8}},"loc":{"start":{"line":29,"column":8},"end":{"line":31,"column":5}}},"4":{"name":"(anonymous_5)","decl":{"start":{"line":33,"column":4},"end":{"line":33,"column":12}},"loc":{"start":{"line":33,"column":25},"end":{"line":38,"column":5}}},"5":{"name":"(anonymous_6)","decl":{"start":{"line":40,"column":4},"end":{"line":40,"column":7}},"loc":{"start":{"line":40,"column":20},"end":{"line":45,"column":5}}},"6":{"name":"(anonymous_7)","decl":{"start":{"line":48,"column":4},"end":{"line":48,"column":10}},"loc":{"start":{"line":48,"column":23},"end":{"line":53,"column":5}}},"7":{"name":"(anonymous_8)","decl":{"start":{"line":55,"column":4},"end":{"line":55,"column":12}},"loc":{"start":{"line":55,"column":40},"end":{"line":68,"column":5}}},"8":{"name":"(anonymous_9)","decl":{"start":{"line":72,"column":12},"end":{"line":72,"column":28}},"loc":{"start":{"line":72,"column":28},"end":{"line":101,"column":5}}},"9":{"name":"(anonymous_10)","decl":{"start":{"line":103,"column":12},"end":{"line":103,"column":27}},"loc":{"start":{"line":103,"column":27},"end":{"line":137,"column":5}}},"10":{"name":"(anonymous_11)","decl":{"start":{"line":139,"column":12},"end":{"line":139,"column":30}},"loc":{"start":{"line":139,"column":30},"end":{"line":142,"column":5}}},"11":{"name":"(anonymous_12)","decl":{"start":{"line":144,"column":12},"end":{"line":144,"column":29}},"loc":{"start":{"line":144,"column":29},"end":{"line":147,"column":5}}},"12":{"name":"(anonymous_13)","decl":{"start":{"line":150,"column":12},"end":{"line":150,"column":18}},"loc":{"start":{"line":150,"column":37},"end":{"line":153,"column":5}}},"13":{"name":"(anonymous_14)","decl":{"start":{"line":155,"column":12},"end":{"line":155,"column":20}},"loc":{"start":{"line":155,"column":53},"end":{"line":166,"column":5}}},"14":{"name":"(anonymous_15)","decl":{"start":{"line":168,"column":12},"end":{"line":168,"column":15}},"loc":{"start":{"line":168,"column":48},"end":{"line":179,"column":5}}},"15":{"name":"(anonymous_16)","decl":{"start":{"line":181,"column":12},"end":{"line":181,"column":18}},"loc":{"start":{"line":181,"column":51},"end":{"line":206,"column":5}}},"16":{"name":"(anonymous_17)","decl":{"start":{"line":208,"column":12},"end":{"line":208,"column":20}},"loc":{"start":{"line":208,"column":39},"end":{"line":211,"column":5}}},"17":{"name":"(anonymous_18)","decl":{"start":{"line":213,"column":12},"end":{"line":213,"column":19}},"loc":{"start":{"line":213,"column":38},"end":{"line":216,"column":5}}}},"branchMap":{"0":{"loc":{"start":{"line":34,"column":8},"end":{"line":36,"column":9}},"type":"if","locations":[{"start":{"line":34,"column":8},"end":{"line":36,"column":9}}]},"1":{"loc":{"start":{"line":41,"column":8},"end":{"line":41,"column":46}},"type":"if","locations":[{"start":{"line":41,"column":8},"end":{"line":41,"column":46}}]},"2":{"loc":{"start":{"line":49,"column":8},"end":{"line":49,"column":47}},"type":"if","locations":[{"start":{"line":49,"column":8},"end":{"line":49,"column":47}}]},"3":{"loc":{"start":{"line":56,"column":8},"end":{"line":67,"column":9}},"type":"switch","locations":[{"start":{"line":57,"column":12},"end":{"line":58,"column":47}},{"start":{"line":59,"column":12},"end":{"line":60,"column":46}},{"start":{"line":61,"column":12},"end":{"line":62,"column":49}},{"start":{"line":63,"column":12},"end":{"line":64,"column":48}},{"start":{"line":65,"column":12},"end":{"line":66,"column":58}}]},"4":{"loc":{"start":{"line":77,"column":8},"end":{"line":79,"column":9}},"type":"if","locations":[{"start":{"line":77,"column":8},"end":{"line":79,"column":9}}]},"5":{"loc":{"start":{"line":77,"column":12},"end":{"line":77,"column":49}},"type":"binary-expr","locations":[{"start":{"line":77,"column":12},"end":{"line":77,"column":30}},{"start":{"line":77,"column":34},"end":{"line":77,"column":49}}]},"6":{"loc":{"start":{"line":84,"column":12},"end":{"line":86,"column":13}},"type":"if","locations":[{"start":{"line":84,"column":12},"end":{"line":86,"column":13}}]},"7":{"loc":{"start":{"line":91,"column":12},"end":{"line":93,"column":13}},"type":"if","locations":[{"start":{"line":91,"column":12},"end":{"line":93,"column":13}}]},"8":{"loc":{"start":{"line":95,"column":12},"end":{"line":97,"column":13}},"type":"if","locations":[{"start":{"line":95,"column":12},"end":{"line":97,"column":13}}]},"9":{"loc":{"start":{"line":108,"column":8},"end":{"line":110,"column":9}},"type":"if","locations":[{"start":{"line":108,"column":8},"end":{"line":110,"column":9}}]},"10":{"loc":{"start":{"line":108,"column":12},"end":{"line":108,"column":49}},"type":"binary-expr","locations":[{"start":{"line":108,"column":12},"end":{"line":108,"column":30}},{"start":{"line":108,"column":34},"end":{"line":108,"column":49}}]},"11":{"loc":{"start":{"line":115,"column":15},"end":{"line":115,"column":51}},"type":"binary-expr","locations":[{"start":{"line":115,"column":15},"end":{"line":115,"column":31}},{"start":{"line":115,"column":35},"end":{"line":115,"column":51}}]},"12":{"loc":{"start":{"line":117,"column":12},"end":{"line":119,"column":13}},"type":"if","locations":[{"start":{"line":117,"column":12},"end":{"line":119,"column":13}}]},"13":{"loc":{"start":{"line":151,"column":8},"end":{"line":151,"column":36}},"type":"if","locations":[{"start":{"line":151,"column":8},"end":{"line":151,"column":36}}]},"14":{"loc":{"start":{"line":156,"column":8},"end":{"line":156,"column":40}},"type":"if","locations":[{"start":{"line":156,"column":8},"end":{"line":156,"column":40}}]},"15":{"loc":{"start":{"line":158,"column":8},"end":{"line":164,"column":9}},"type":"if","locations":[{"start":{"line":158,"column":8},"end":{"line":164,"column":9}},{"start":{"line":160,"column":15},"end":{"line":164,"column":9}}]},"16":{"loc":{"start":{"line":160,"column":15},"end":{"line":164,"column":9}},"type":"if","locations":[{"start":{"line":160,"column":15},"end":{"line":164,"column":9}},{"start":{"line":162,"column":15},"end":{"line":164,"column":9}}]},"17":{"loc":{"start":{"line":169,"column":8},"end":{"line":177,"column":9}},"type":"if","locations":[{"start":{"line":169,"column":8},"end":{"line":177,"column":9}},{"start":{"line":171,"column":15},"end":{"line":177,"column":9}}]},"18":{"loc":{"start":{"line":172,"column":12},"end":{"line":176,"column":13}},"type":"if","locations":[{"start":{"line":172,"column":12},"end":{"line":176,"column":13}},{"start":{"line":174,"column":19},"end":{"line":176,"column":13}}]},"19":{"loc":{"start":{"line":182,"column":8},"end":{"line":182,"column":39}},"type":"if","locations":[{"start":{"line":182,"column":8},"end":{"line":182,"column":39}}]},"20":{"loc":{"start":{"line":184,"column":8},"end":{"line":204,"column":9}},"type":"if","locations":[{"start":{"line":184,"column":8},"end":{"line":204,"column":9}},{"start":{"line":186,"column":15},"end":{"line":204,"column":9}}]},"21":{"loc":{"start":{"line":186,"column":15},"end":{"line":204,"column":9}},"type":"if","locations":[{"start":{"line":186,"column":15},"end":{"line":204,"column":9}},{"start":{"line":188,"column":15},"end":{"line":204,"column":9}}]},"22":{"loc":{"start":{"line":189,"column":12},"end":{"line":203,"column":13}},"type":"if","locations":[{"start":{"line":189,"column":12},"end":{"line":203,"column":13}},{"start":{"line":194,"column":19},"end":{"line":203,"column":13}}]},"23":{"loc":{"start":{"line":194,"column":19},"end":{"line":203,"column":13}},"type":"if","locations":[{"start":{"line":194,"column":19},"end":{"line":203,"column":13}},{"start":{"line":199,"column":19},"end":{"line":203,"column":13}}]}},"s":{"0":1,"1":1,"2":1,"3":1,"4":1,"5":0,"6":0,"7":0,"8":7,"9":0,"10":7,"11":7,"12":0,"13":7,"14":7,"15":7,"16":0,"17":0,"18":0,"19":0,"20":0,"21":1,"22":1,"23":0,"24":0,"25":0,"26":0,"27":1,"28":1,"29":1,"30":1,"31":0,"32":1,"33":1,"34":7,"35":0,"36":7,"37":7,"38":7,"39":3,"40":7,"41":3,"42":1,"43":0,"44":0,"45":0,"46":0,"47":0,"48":0,"49":0,"50":0,"51":0,"52":0,"53":0,"54":0,"55":0,"56":0,"57":0,"58":0,"59":0,"60":0,"61":0,"62":0,"63":0,"64":0,"65":19,"66":7,"67":12,"68":6,"69":6,"70":6,"71":0,"72":19,"73":7,"74":12,"75":6,"76":6,"77":12,"78":0,"79":0,"80":0,"81":0,"82":0,"83":0,"84":0,"85":0,"86":0,"87":0,"88":0,"89":0,"90":0,"91":0,"92":0,"93":0,"94":0,"95":0,"96":0,"97":0,"98":0,"99":0,"100":0,"101":0,"102":0,"103":0,"104":1},"f":{"0":1,"1":0,"2":0,"3":0,"4":7,"5":7,"6":0,"7":1,"8":1,"9":0,"10":0,"11":0,"12":0,"13":19,"14":19,"15":0,"16":0,"17":0},"b":{"0":[0],"1":[0],"2":[0],"3":[1,0,0,0,0],"4":[0],"5":[1,0],"6":[0],"7":[3],"8":[3],"9":[0],"10":[0,0],"11":[0,0],"12":[0],"13":[0],"14":[7],"15":[6,6],"16":[6,0],"17":[7,12],"18":[6,6],"19":[0],"20":[0,0],"21":[0,0],"22":[0,0],"23":[0,0]}}
,"/home/tranthinh/Desktop/Learn/DSA/Typescript/src/Tree/NodeTree.ts": {"path":"/home/tranthinh/Desktop/Learn/DSA/Typescript/src/Tree/NodeTree.ts","statementMap":{"0":{"start":{"line":7,"column":8},"end":{"line":7,"column":25}},"1":{"start":{"line":8,"column":8},"end":{"line":8,"column":25}},"2":{"start":{"line":9,"column":8},"end":{"line":9,"column":26}},"3":{"start":{"line":13,"column":8},"end":{"line":13,"column":25}},"4":{"start":{"line":17,"column":8},"end":{"line":17,"column":25}},"5":{"start":{"line":21,"column":8},"end":{"line":21,"column":26}},"6":{"start":{"line":25,"column":8},"end":{"line":25,"column":25}},"7":{"start":{"line":29,"column":8},"end":{"line":29,"column":25}},"8":{"start":{"line":33,"column":8},"end":{"line":33,"column":27}},"9":{"start":{"line":37,"column":0},"end":{"line":37,"column":null}}},"fnMap":{"0":{"name":"(anonymous_0)","decl":{"start":{"line":6,"column":4},"end":{"line":6,"column":16}},"loc":{"start":{"line":6,"column":28},"end":{"line":10,"column":5}}},"1":{"name":"(anonymous_1)","decl":{"start":{"line":12,"column":4},"end":{"line":12,"column":11}},"loc":{"start":{"line":12,"column":11},"end":{"line":14,"column":5}}},"2":{"name":"(anonymous_2)","decl":{"start":{"line":16,"column":4},"end":{"line":16,"column":11}},"loc":{"start":{"line":16,"column":11},"end":{"line":18,"column":5}}},"3":{"name":"(anonymous_3)","decl":{"start":{"line":20,"column":4},"end":{"line":20,"column":12}},"loc":{"start":{"line":20,"column":12},"end":{"line":22,"column":5}}},"4":{"name":"(anonymous_4)","decl":{"start":{"line":24,"column":4},"end":{"line":24,"column":11}},"loc":{"start":{"line":24,"column":31},"end":{"line":26,"column":5}}},"5":{"name":"(anonymous_5)","decl":{"start":{"line":28,"column":4},"end":{"line":28,"column":11}},"loc":{"start":{"line":28,"column":33},"end":{"line":30,"column":5}}},"6":{"name":"(anonymous_6)","decl":{"start":{"line":32,"column":4},"end":{"line":32,"column":12}},"loc":{"start":{"line":32,"column":35},"end":{"line":34,"column":5}}}},"branchMap":{},"s":{"0":7,"1":7,"2":7,"3":37,"4":22,"5":22,"6":0,"7":6,"8":6,"9":1},"f":{"0":7,"1":37,"2":22,"3":22,"4":0,"5":6,"6":6},"b":{}}
,"/home/tranthinh/Desktop/Learn/DSA/Typescript/src/Tree/TreeOrderTraverseType.ts": {"path":"/home/tranthinh/Desktop/Learn/DSA/Typescript/src/Tree/TreeOrderTraverseType.ts","statementMap":{"0":{"start":{"line":1,"column":0},"end":{"line":1,"column":null}},"1":{"start":{"line":2,"column":4},"end":{"line":2,"column":null}},"2":{"start":{"line":3,"column":4},"end":{"line":3,"column":null}},"3":{"start":{"line":4,"column":4},"end":{"line":4,"column":null}},"4":{"start":{"line":5,"column":4},"end":{"line":5,"column":null}},"5":{"start":{"line":8,"column":0},"end":{"line":8,"column":37}}},"fnMap":{"0":{"name":"(anonymous_0)","decl":{"start":{"line":1,"column":0},"end":{"line":1,"column":5}},"loc":{"start":{"line":1,"column":26},"end":{"line":6,"column":1}}}},"branchMap":{"0":{"loc":{"start":{"line":1,"column":5},"end":{"line":1,"column":null}},"type":"binary-expr","locations":[{"start":{"line":1,"column":5},"end":{"line":1,"column":26}},{"start":{"line":1,"column":5},"end":{"line":1,"column":null}}]}},"s":{"0":1,"1":1,"2":1,"3":1,"4":1,"5":1},"f":{"0":1},"b":{"0":[1,1]}}
,"/home/tranthinh/Desktop/Learn/DSA/Typescript/utils/StringBuilder.ts": {"path":"/home/tranthinh/Desktop/Learn/DSA/Typescript/utils/StringBuilder.ts","statementMap":{"0":{"start":{"line":5,"column":4},"end":{"line":5,"column":23}},"1":{"start":{"line":9,"column":4},"end":{"line":9,"column":32}},"2":{"start":{"line":13,"column":4},"end":{"line":13,"column":34}},"3":{"start":{"line":1,"column":0},"end":{"line":1,"column":13}}},"fnMap":{"0":{"name":"(anonymous_0)","decl":{"start":{"line":4,"column":2},"end":{"line":4,"column":null}},"loc":{"start":{"line":4,"column":2},"end":{"line":6,"column":3}}},"1":{"name":"(anonymous_1)","decl":{"start":{"line":8,"column":2},"end":{"line":8,"column":8}},"loc":{"start":{"line":8,"column":21},"end":{"line":10,"column":3}}},"2":{"name":"(anonymous_2)","decl":{"start":{"line":12,"column":2},"end":{"line":12,"column":10}},"loc":{"start":{"line":12,"column":10},"end":{"line":14,"column":3}}}},"branchMap":{},"s":{"0":0,"1":0,"2":0,"3":1},"f":{"0":0,"1":0,"2":0},"b":{}}
}
