TN:
SF:src/LinkedList/DBLinkedList.ts
FN:10,(anonymous_1)
FN:16,(anonymous_2)
FN:31,(anonymous_3)
FN:35,(anonymous_4)
FN:39,(anonymous_5)
FN:43,(anonymous_6)
FN:47,(anonymous_7)
FN:52,(anonymous_8)
FN:65,(anonymous_9)
FN:78,(anonymous_10)
FN:86,(anonymous_11)
FN:94,(anonymous_12)
FN:110,(anonymous_13)
FN:126,(anonymous_14)
FN:147,(anonymous_15)
FN:169,(anonymous_16)
FN:196,(anonymous_17)
FN:223,(anonymous_18)
FN:227,(anonymous_19)
FNF:19
FNH:6
FNDA:1,(anonymous_1)
FNDA:0,(anonymous_2)
FNDA:8,(anonymous_3)
FNDA:0,(anonymous_4)
FNDA:0,(anonymous_5)
FNDA:28,(anonymous_6)
FNDA:7,(anonymous_7)
FNDA:0,(anonymous_8)
FNDA:7,(anonymous_9)
FNDA:0,(anonymous_10)
FNDA:0,(anonymous_11)
FNDA:0,(anonymous_12)
FNDA:7,(anonymous_13)
FNDA:0,(anonymous_14)
FNDA:0,(anonymous_15)
FNDA:0,(anonymous_16)
FNDA:0,(anonymous_17)
FNDA:0,(anonymous_18)
FNDA:0,(anonymous_19)
DA:1,1
DA:2,1
DA:5,1
DA:11,1
DA:12,1
DA:13,1
DA:17,0
DA:18,0
DA:19,0
DA:20,0
DA:21,0
DA:22,0
DA:23,0
DA:26,0
DA:27,0
DA:28,0
DA:32,8
DA:36,0
DA:40,0
DA:44,28
DA:48,7
DA:53,0
DA:54,0
DA:56,0
DA:57,0
DA:58,0
DA:60,0
DA:62,0
DA:66,7
DA:67,4
DA:69,3
DA:70,3
DA:71,3
DA:73,7
DA:75,7
DA:79,0
DA:80,0
DA:82,0
DA:87,0
DA:88,0
DA:90,0
DA:95,0
DA:96,0
DA:98,0
DA:99,0
DA:100,0
DA:101,0
DA:102,0
DA:104,0
DA:106,0
DA:111,7
DA:112,0
DA:114,7
DA:115,7
DA:116,7
DA:117,7
DA:118,4
DA:120,3
DA:122,7
DA:127,0
DA:128,0
DA:130,0
DA:131,0
DA:134,0
DA:136,0
DA:137,0
DA:139,0
DA:140,0
DA:141,0
DA:143,0
DA:144,0
DA:148,0
DA:149,0
DA:150,0
DA:151,0
DA:152,0
DA:153,0
DA:155,0
DA:158,0
DA:159,0
DA:160,0
DA:161,0
DA:163,0
DA:166,0
DA:170,0
DA:171,0
DA:177,0
DA:178,0
DA:179,0
DA:180,0
DA:181,0
DA:182,0
DA:185,0
DA:186,0
DA:187,0
DA:188,0
DA:189,0
DA:193,0
DA:197,0
DA:198,0
DA:199,0
DA:200,0
DA:201,0
DA:202,0
DA:204,0
DA:205,0
DA:208,0
DA:209,0
DA:210,0
DA:211,0
DA:212,0
DA:216,0
DA:217,0
DA:220,0
DA:224,0
DA:228,0
DA:230,0
DA:231,0
DA:233,0
DA:234,0
DA:235,0
DA:236,0
DA:237,0
DA:238,0
DA:240,0
DA:242,0
LF:126
LH:24
BRDA:53,0,0,0
BRDA:53,0,1,0
BRDA:57,1,0,0
BRDA:57,1,1,0
BRDA:57,2,0,0
BRDA:57,2,1,0
BRDA:66,3,0,4
BRDA:66,3,1,3
BRDA:70,4,0,0
BRDA:70,4,1,3
BRDA:70,5,0,3
BRDA:70,5,1,3
BRDA:79,6,0,0
BRDA:79,6,1,0
BRDA:87,7,0,0
BRDA:87,7,1,0
BRDA:95,8,0,0
BRDA:95,8,1,0
BRDA:101,9,0,0
BRDA:101,9,1,0
BRDA:104,10,0,0
BRDA:104,10,1,0
BRDA:104,11,0,0
BRDA:104,11,1,0
BRDA:111,12,0,0
BRDA:111,12,1,7
BRDA:117,13,0,4
BRDA:117,13,1,3
BRDA:120,14,0,0
BRDA:120,14,1,3
BRDA:120,15,0,3
BRDA:120,15,1,3
BRDA:127,16,0,0
BRDA:127,17,0,0
BRDA:127,17,1,0
BRDA:127,18,0,0
BRDA:127,18,1,0
BRDA:130,19,0,0
BRDA:130,20,0,0
BRDA:130,20,1,0
BRDA:130,21,0,0
BRDA:130,21,1,0
BRDA:136,22,0,0
BRDA:136,22,1,0
BRDA:136,23,0,0
BRDA:136,23,1,0
BRDA:136,24,0,0
BRDA:136,24,1,0
BRDA:136,25,0,0
BRDA:136,25,1,0
BRDA:137,26,0,0
BRDA:137,26,1,0
BRDA:137,27,0,0
BRDA:137,27,1,0
BRDA:137,28,0,0
BRDA:137,28,1,0
BRDA:137,29,0,0
BRDA:137,29,1,0
BRDA:139,30,0,0
BRDA:139,30,1,0
BRDA:139,31,0,0
BRDA:139,31,1,0
BRDA:140,32,0,0
BRDA:140,32,1,0
BRDA:140,33,0,0
BRDA:140,33,1,0
BRDA:141,34,0,0
BRDA:141,34,1,0
BRDA:141,35,0,0
BRDA:141,35,1,0
BRDA:149,36,0,0
BRDA:149,36,1,0
BRDA:151,37,0,0
BRDA:159,38,0,0
BRDA:170,39,0,0
BRDA:170,40,0,0
BRDA:170,40,1,0
BRDA:177,41,0,0
BRDA:177,41,1,0
BRDA:199,42,0,0
BRDA:199,42,1,0
BRDA:201,43,0,0
BRDA:209,44,0,0
BRDA:210,45,0,0
BRDA:211,46,0,0
BRDA:228,47,0,0
BRDA:228,47,1,0
BRDA:237,48,0,0
BRF:88
BRH:11
end_of_record
TN:
SF:src/LinkedList/Node.ts
FN:6,(anonymous_0)
FN:12,(anonymous_1)
FN:16,(anonymous_2)
FN:20,(anonymous_3)
FN:24,(anonymous_4)
FN:28,(anonymous_5)
FN:32,(anonymous_6)
FNF:7
FNH:4
FNDA:7,(anonymous_0)
FNDA:7,(anonymous_1)
FNDA:0,(anonymous_2)
FNDA:0,(anonymous_3)
FNDA:6,(anonymous_4)
FNDA:7,(anonymous_5)
FNDA:0,(anonymous_6)
DA:7,7
DA:8,7
DA:9,7
DA:13,7
DA:17,0
DA:21,0
DA:25,6
DA:29,7
DA:33,0
DA:37,1
LF:10
LH:7
BRF:0
BRH:0
end_of_record
TN:
SF:src/Stacks/LinkedListBaseStack.ts
FN:4,(anonymous_0)
FN:7,(anonymous_1)
FN:10,(anonymous_2)
FN:15,(anonymous_3)
FN:20,(anonymous_4)
FN:24,(anonymous_5)
FNF:6
FNH:4
FNDA:1,(anonymous_0)
FNDA:7,(anonymous_1)
FNDA:7,(anonymous_2)
FNDA:0,(anonymous_3)
FNDA:8,(anonymous_4)
FNDA:0,(anonymous_5)
DA:1,1
DA:4,1
DA:5,1
DA:8,7
DA:11,7
DA:12,7
DA:16,0
DA:17,0
DA:21,8
DA:25,0
LF:10
LH:7
BRDA:11,0,0,0
BRDA:16,1,0,0
BRF:2
BRH:0
end_of_record
TN:
SF:src/Tree/BST.ts
FN:17,(anonymous_1)
FN:21,(anonymous_2)
FN:25,(anonymous_3)
FN:29,(anonymous_4)
FN:33,(anonymous_5)
FN:40,(anonymous_6)
FN:48,(anonymous_7)
FN:55,(anonymous_8)
FN:72,(anonymous_9)
FN:103,(anonymous_10)
FN:139,(anonymous_11)
FN:144,(anonymous_12)
FN:150,(anonymous_13)
FN:155,(anonymous_14)
FN:168,(anonymous_15)
FN:181,(anonymous_16)
FN:208,(anonymous_17)
FN:213,(anonymous_18)
FNF:18
FNH:7
FNDA:1,(anonymous_1)
FNDA:0,(anonymous_2)
FNDA:0,(anonymous_3)
FNDA:0,(anonymous_4)
FNDA:7,(anonymous_5)
FNDA:7,(anonymous_6)
FNDA:0,(anonymous_7)
FNDA:1,(anonymous_8)
FNDA:1,(anonymous_9)
FNDA:0,(anonymous_10)
FNDA:0,(anonymous_11)
FNDA:0,(anonymous_12)
FNDA:0,(anonymous_13)
FNDA:19,(anonymous_14)
FNDA:19,(anonymous_15)
FNDA:0,(anonymous_16)
FNDA:0,(anonymous_17)
FNDA:0,(anonymous_18)
DA:2,1
DA:4,1
DA:7,1
DA:14,1
DA:18,1
DA:22,0
DA:26,0
DA:30,0
DA:34,7
DA:35,0
DA:37,7
DA:41,7
DA:42,7
DA:43,7
DA:44,7
DA:49,0
DA:50,0
DA:51,0
DA:52,0
DA:56,1
DA:58,1
DA:60,0
DA:62,0
DA:64,0
DA:66,0
DA:73,1
DA:74,1
DA:75,1
DA:77,1
DA:78,0
DA:81,1
DA:83,1
DA:84,7
DA:85,0
DA:88,7
DA:89,7
DA:91,7
DA:92,3
DA:95,7
DA:96,3
DA:100,1
DA:104,0
DA:105,0
DA:106,0
DA:108,0
DA:109,0
DA:112,0
DA:113,0
DA:115,0
DA:117,0
DA:118,0
DA:122,0
DA:123,0
DA:124,0
DA:128,0
DA:129,0
DA:133,0
DA:136,0
DA:140,0
DA:145,0
DA:151,0
DA:152,0
DA:156,19
DA:158,12
DA:159,6
DA:160,6
DA:161,6
DA:163,0
DA:169,19
DA:170,7
DA:172,12
DA:173,6
DA:175,6
DA:178,12
DA:182,0
DA:184,0
DA:185,0
DA:186,0
DA:187,0
DA:189,0
DA:190,0
DA:191,0
DA:192,0
DA:193,0
DA:194,0
DA:195,0
DA:196,0
DA:197,0
DA:198,0
DA:200,0
DA:201,0
DA:202,0
DA:205,0
DA:209,0
DA:210,0
DA:214,0
DA:215,0
DA:219,1
LF:98
LH:39
BRDA:34,0,0,0
BRDA:41,1,0,0
BRDA:49,2,0,0
BRDA:56,3,0,1
BRDA:56,3,1,0
BRDA:56,3,2,0
BRDA:56,3,3,0
BRDA:56,3,4,0
BRDA:77,4,0,0
BRDA:77,5,0,1
BRDA:77,5,1,0
BRDA:84,6,0,0
BRDA:91,7,0,3
BRDA:95,8,0,3
BRDA:108,9,0,0
BRDA:108,10,0,0
BRDA:108,10,1,0
BRDA:115,11,0,0
BRDA:115,11,1,0
BRDA:117,12,0,0
BRDA:151,13,0,0
BRDA:156,14,0,7
BRDA:158,15,0,6
BRDA:158,15,1,6
BRDA:160,16,0,6
BRDA:160,16,1,0
BRDA:169,17,0,7
BRDA:169,17,1,12
BRDA:172,18,0,6
BRDA:172,18,1,6
BRDA:182,19,0,0
BRDA:184,20,0,0
BRDA:184,20,1,0
BRDA:186,21,0,0
BRDA:186,21,1,0
BRDA:189,22,0,0
BRDA:189,22,1,0
BRDA:194,23,0,0
BRDA:194,23,1,0
BRF:39
BRH:12
end_of_record
TN:
SF:src/Tree/NodeTree.ts
FN:6,(anonymous_0)
FN:12,(anonymous_1)
FN:16,(anonymous_2)
FN:20,(anonymous_3)
FN:24,(anonymous_4)
FN:28,(anonymous_5)
FN:32,(anonymous_6)
FNF:7
FNH:6
FNDA:7,(anonymous_0)
FNDA:37,(anonymous_1)
FNDA:22,(anonymous_2)
FNDA:22,(anonymous_3)
FNDA:0,(anonymous_4)
FNDA:6,(anonymous_5)
FNDA:6,(anonymous_6)
DA:7,7
DA:8,7
DA:9,7
DA:13,37
DA:17,22
DA:21,22
DA:25,0
DA:29,6
DA:33,6
DA:37,1
LF:10
LH:9
BRF:0
BRH:0
end_of_record
TN:
SF:src/Tree/TreeOrderTraverseType.ts
FN:1,(anonymous_0)
FNF:1
FNH:1
FNDA:1,(anonymous_0)
DA:1,1
DA:2,1
DA:3,1
DA:4,1
DA:5,1
DA:8,1
LF:6
LH:6
BRDA:1,0,0,1
BRDA:1,0,1,1
BRF:2
BRH:2
end_of_record
TN:
SF:utils/StringBuilder.ts
FN:4,(anonymous_0)
FN:8,(anonymous_1)
FN:12,(anonymous_2)
FNF:3
FNH:0
FNDA:0,(anonymous_0)
FNDA:0,(anonymous_1)
FNDA:0,(anonymous_2)
DA:1,1
DA:5,0
DA:9,0
DA:13,0
LF:4
LH:1
BRF:0
BRH:0
end_of_record
